2023-12-24 13:48:02.741242 parse_arguments_function INFO Parsing arguments
2023-12-24 13:48:02.741242 parse_arguments_function INFO Successful argument parsing
2023-12-24 13:48:02.741242 get_filenames_function INFO Getting filenames
2023-12-24 13:48:02.855079 print_result_function INFO Getting results of comparison
2023-12-24 13:48:45.445006 parse_arguments_function INFO Parsing arguments: 
2023-12-24 13:48:45.445006 parse_arguments_function INFO Successful argument parsing
2023-12-24 13:48:45.445006 get_filenames_function INFO Getting filenames
2023-12-24 13:48:45.558214 print_result_function INFO Getting results of comparison
2023-12-24 13:49:49.842864 parse_arguments_function INFO Parsing arguments: files ['examples/aisd4i/aisd4i_d.py', 'examples/aisd4i/aisd4i_p.py'], metric ['lev']
2023-12-24 13:49:49.842864 parse_arguments_function INFO Successful argument parsing
2023-12-24 13:49:49.842864 get_filenames_function INFO Getting filenames
2023-12-24 13:49:49.970740 print_result_function INFO Getting results of comparison
2023-12-24 13:58:14.988561 parse_arguments_function INFO Parsing arguments: files ['examples/aisd4i/aisd4i_d.py', 'examples/aisd4i/aisd4i_p.py'], metric ['lev']
2023-12-24 13:58:14.988561 parse_arguments_function INFO Successful argument parsing
2023-12-24 13:58:14.988561 get_filenames_function INFO Getting filenames from the following path ['examples/aisd4i/aisd4i_d.py', 'examples/aisd4i/aisd4i_p.py']
2023-12-24 13:58:15.114702 print_result_function INFO Getting results of comparison
2023-12-24 13:58:41.057672 parse_arguments_function INFO Parsing arguments: files ['examples/aisd4i/aisd4i_d.py', 'examples/aisd4i/aisd4i_p.py'], metric ['lev']
2023-12-24 13:58:41.057672 parse_arguments_function INFO Successful argument parsing
2023-12-24 13:58:41.057672 get_filenames_function INFO Getting filenames from the following path ['examples/aisd4i/aisd4i_d.py', 'examples/aisd4i/aisd4i_p.py']
2023-12-24 13:58:41.183245 print_result_function INFO Getting results of comparison
